Сборка начата 28.09.2015 20:07:50.
     1>Проект "D:\ПОИТ\2 курс\Объектно-ориентированное программирование\3 семестр\GitHub\OOP\OOP_Laboratory4\OOP_Laboratory4\OOP_Laboratory4.vcxproj" в узле 2 (целевые объекты Build).
     1>ClCompile:
         C:\Program Files (x86)\Microsoft Visual Studio 12.0\VC\bin\CL.exe /c /ZI /nologo /W3 /WX- /sdl /Od /Oy- /D WIN32 /D _DEBUG /D _CONSOLE /D _LIB /D _UNICODE /D UNICODE /Gm /EHsc /RTC1 /MDd /GS /fp:precise /Zc:wchar_t /Zc:forScope /Yc"stdafx.h" /Fp"Debug\OOP_Laboratory4.pch" /Fo"Debug\\" /Fd"Debug\vc120.pdb" /Gd /TP /analyze- /errorReport:prompt stdafx.cpp
         stdafx.cpp
         C:\Program Files (x86)\Microsoft Visual Studio 12.0\VC\bin\CL.exe /c /ZI /nologo /W3 /WX- /sdl /Od /Oy- /D WIN32 /D _DEBUG /D _CONSOLE /D _LIB /D _UNICODE /D UNICODE /Gm /EHsc /RTC1 /MDd /GS /fp:precise /Zc:wchar_t /Zc:forScope /Yu"stdafx.h" /Fp"Debug\OOP_Laboratory4.pch" /Fo"Debug\\" /Fd"Debug\vc120.pdb" /Gd /TP /analyze- /errorReport:prompt gruz.cpp OOP_Laboratory4.cpp pass.cpp transport.cpp voen.cpp
         voen.cpp
         transport.cpp
         pass.cpp
         OOP_Laboratory4.cpp
         gruz.cpp
         Создание кода...
       Link:
         C:\Program Files (x86)\Microsoft Visual Studio 12.0\VC\bin\link.exe /ERRORREPORT:PROMPT /OUT:"D:\ПОИТ\2 курс\Объектно-ориентированное программирование\3 семестр\GitHub\OOP\OOP_Laboratory4\Debug\OOP_Laboratory4.exe" /INCREMENTAL /NOLOGO kernel32.lib user32.lib gdi32.lib winspool.lib comdlg32.lib advapi32.lib shell32.lib ole32.lib oleaut32.lib uuid.lib odbc32.lib odbccp32.lib /MANIFEST /MANIFESTUAC:"level='asInvoker' uiAccess='false'" /manifest:embed /DEBUG /PDB:"D:\ПОИТ\2 курс\Объектно-ориентированное программирование\3 семестр\GitHub\OOP\OOP_Laboratory4\Debug\OOP_Laboratory4.pdb" /SUBSYSTEM:CONSOLE /TLBID:1 /DYNAMICBASE /NXCOMPAT /IMPLIB:"D:\ПОИТ\2 курс\Объектно-ориентированное программирование\3 семестр\GitHub\OOP\OOP_Laboratory4\Debug\OOP_Laboratory4.lib" /MACHINE:X86 Debug\gruz.obj
         Debug\OOP_Laboratory4.obj
         Debug\pass.obj
         Debug\stdafx.obj
         Debug\transport.obj
         Debug\voen.obj
         OOP_Laboratory4.vcxproj -> D:\ПОИТ\2 курс\Объектно-ориентированное программирование\3 семестр\GitHub\OOP\OOP_Laboratory4\Debug\OOP_Laboratory4.exe
     1>Сборка проекта "D:\ПОИТ\2 курс\Объектно-ориентированное программирование\3 семестр\GitHub\OOP\OOP_Laboratory4\OOP_Laboratory4\OOP_Laboratory4.vcxproj" завершена (целевые объекты Build).

Сборка успешно завершена.

Затраченное время: 00:00:06.20
